Using pre-set license
Built from '2020.2/staging' branch; Version is '2020.2.7f1 (c53830e277f1) revision 12924976'; Using compiler version '192528614'; Build Type 'Release'
OS: 'Windows 10 Home; OS build 19042.1237; Version 2009; 64bit' Language: 'sv' Physical Memory: 16245 MB
BatchMode: 1, IsHumanControllingUs: 0, StartBugReporterOnCrash: 0, Is64bit: 1, IsPro: 0

 COMMAND LINE ARGUMENTS:
C:\Program Files\Unity\Hub\Editor\2020.2.7f1\Editor\Unity.exe
-adb2
-batchMode
-noUpm
-name
AssetImportWorker0
-projectPath
C:/Yrgo/git/wu20/Workshops/12 - Unity/WU20Demo
-logFile
Logs/AssetImportWorker0.log
-srvPort
51764
Successfully changed project path to: C:/Yrgo/git/wu20/Workshops/12 - Unity/WU20Demo
C:/Yrgo/git/wu20/Workshops/12 - Unity/WU20Demo
Using Asset Import Pipeline V2.
Refreshing native plugins compatible for Editor in 29.32 ms, found 1 plugins.
Preloading 0 native plugins for Editor in 0.00 ms.
Initialize engine version: 2020.2.7f1 (c53830e277f1)
[Subsystems] Discovering subsystems at path C:/Program Files/Unity/Hub/Editor/2020.2.7f1/Editor/Data/Resources/UnitySubsystems
[Subsystems] Discovering subsystems at path C:/Yrgo/git/wu20/Workshops/12 - Unity/WU20Demo/Assets
GfxDevice: creating device client; threaded=0
Direct3D:
    Version:  Direct3D 11.0 [level 11.1]
    Renderer: NVIDIA GeForce RTX 2060 (ID=0x1f15)
    Vendor:   
    VRAM:     5980 MB
    Driver:   27.21.14.6611
Initialize mono
Mono path[0] = 'C:/Program Files/Unity/Hub/Editor/2020.2.7f1/Editor/Data/Managed'
Mono path[1] = 'C:/Program Files/Unity/Hub/Editor/2020.2.7f1/Editor/Data/MonoBleedingEdge/lib/mono/unityjit'
Mono config path = 'C:/Program Files/Unity/Hub/Editor/2020.2.7f1/Editor/Data/MonoBleedingEdge/etc'
Using monoOptions --debugger-agent=transport=dt_socket,embedding=1,server=y,suspend=n,address=127.0.0.1:56780
Begin MonoManager ReloadAssembly
Registering precompiled unity dll's ...
Register platform support module: C:/Program Files/Unity/Hub/Editor/2020.2.7f1/Editor/Data/PlaybackEngines/WebGLSupport/UnityEditor.WebGL.Extensions.dll
Register platform support module: C:/Program Files/Unity/Hub/Editor/2020.2.7f1/Editor/Data/PlaybackEngines/WindowsStandaloneSupport/UnityEditor.WindowsStandalone.Extensions.dll
Registered in 0.001769 seconds.
Native extension for WindowsStandalone target not found
Native extension for WebGL target not found
Refreshing native plugins compatible for Editor in 28.04 ms, found 1 plugins.
Preloading 0 native plugins for Editor in 0.00 ms.
Invoked RoslynAnalysisRunner static constructor.
RoslynAnalysisRunner will not be running.
RoslynAnalysisRunner has terminated.
Mono: successfully reloaded assembly
- Completed reload, in  1.148 seconds
Platform modules already initialized, skipping
Registering precompiled user dll's ...
Registered in 0.000692 seconds.
Begin MonoManager ReloadAssembly
Native extension for WindowsStandalone target not found
Native extension for WebGL target not found
Refreshing native plugins compatible for Editor in 32.38 ms, found 1 plugins.
Preloading 0 native plugins for Editor in 0.00 ms.
Invoked RoslynAnalysisRunner static constructor.
RoslynAnalysisRunner will not be running.
RoslynAnalysisRunner has terminated.
Mono: successfully reloaded assembly
- Completed reload, in  0.726 seconds
Platform modules already initialized, skipping
========================================================================
Worker process is ready to serve import requests
Launched and connected shader compiler UnityShaderCompiler.exe after 0.03 seconds
Refreshing native plugins compatible for Editor in 0.30 ms, found 1 plugins.
Preloading 0 native plugins for Editor in 0.00 ms.
Unloading 1829 Unused Serialized files (Serialized files now loaded: 0)
System memory in use before: 86.6 MB.
System memory in use after: 86.6 MB.

Unloading 19 unused Assets to reduce memory usage. Loaded Objects now: 2276.
Total: 2.066700 ms (FindLiveObjects: 0.279600 ms CreateObjectMapping: 0.098800 ms MarkObjects: 1.638100 ms  DeleteObjects: 0.049500 ms)

========================================================================
Received Import Request.
  path: Assets/Art/moza_20191019_133315.png
  artifactKey: Guid(ba4cbcdc0cb60924f8b023a5a7a2b976) Importer(815301076,1909f56bfc062723c751e8b465ee728b)
Start importing Assets/Art/moza_20191019_133315.png using Guid(ba4cbcdc0cb60924f8b023a5a7a2b976) Importer(815301076,1909f56bfc062723c751e8b465ee728b)  -> (artifact id: 'fbce0ae8e722a48d80e5c8adcba845aa') in 0.093754 seconds
  Import took 0.096127 seconds .

========================================================================
Received Import Request.
  Time since last request: 0.000178 seconds.
  path: Assets/Art/1.png
  artifactKey: Guid(aa34c00e03b9bb44995b9c34b08f9e03) Importer(815301076,1909f56bfc062723c751e8b465ee728b)
Start importing Assets/Art/1.png using Guid(aa34c00e03b9bb44995b9c34b08f9e03) Importer(815301076,1909f56bfc062723c751e8b465ee728b)  -> (artifact id: '683cd7d67b54dae67c63b20a37c09f72') in 0.013496 seconds
  Import took 0.016020 seconds .

========================================================================
Received Import Request.
  Time since last request: 0.000254 seconds.
  path: Assets/Art/short-ray.png
  artifactKey: Guid(a085204c3809d8c4d9950eadc402d3be) Importer(815301076,1909f56bfc062723c751e8b465ee728b)
Start importing Assets/Art/short-ray.png using Guid(a085204c3809d8c4d9950eadc402d3be) Importer(815301076,1909f56bfc062723c751e8b465ee728b)  -> (artifact id: 'bf5ad691a265e7969fef4e852376f5a0') in 0.018110 seconds
  Import took 0.020965 seconds .

========================================================================
Received Import Request.
  Time since last request: 0.000139 seconds.
  path: Assets/Art/round.png
  artifactKey: Guid(41d0122c1d69fc04eb4b70ad531247b5) Importer(815301076,1909f56bfc062723c751e8b465ee728b)
Start importing Assets/Art/round.png using Guid(41d0122c1d69fc04eb4b70ad531247b5) Importer(815301076,1909f56bfc062723c751e8b465ee728b)  -> (artifact id: '105bd0367cfbc9752ad3c2ef1d1ade2a') in 0.015339 seconds
  Import took 0.017935 seconds .

========================================================================
Received Import Request.
  Time since last request: 0.000128 seconds.
  path: Assets/Art/moza_20191019_133315_2.png
  artifactKey: Guid(ed434a1332f29914e916dc96acc2ce4d) Importer(815301076,1909f56bfc062723c751e8b465ee728b)
Start importing Assets/Art/moza_20191019_133315_2.png using Guid(ed434a1332f29914e916dc96acc2ce4d) Importer(815301076,1909f56bfc062723c751e8b465ee728b)  -> (artifact id: '20201a6d56b84910780baf95f607f74b') in 0.014688 seconds
  Import took 0.017326 seconds .

========================================================================
Received Import Request.
  Time since last request: 0.000230 seconds.
  path: Assets/Art
  artifactKey: Guid(816dfe1185c95604ca28a6e4cc83cc4a) Importer(815301076,1909f56bfc062723c751e8b465ee728b)
Start importing Assets/Art using Guid(816dfe1185c95604ca28a6e4cc83cc4a) Importer(815301076,1909f56bfc062723c751e8b465ee728b)  -> (artifact id: '89815a1c02bbef114859baa5b851b627') in 0.005993 seconds
  Import took 0.009140 seconds .

========================================================================
Received Import Request.
  Time since last request: 0.000125 seconds.
  path: Assets/Art/moza_20191019_133315_2.png
  artifactKey: Guid(ed434a1332f29914e916dc96acc2ce4d) Importer(815301076,1909f56bfc062723c751e8b465ee728b)
Start importing Assets/Art/moza_20191019_133315_2.png using Guid(ed434a1332f29914e916dc96acc2ce4d) Importer(815301076,1909f56bfc062723c751e8b465ee728b)  -> (artifact id: '20201a6d56b84910780baf95f607f74b') in 0.017773 seconds
  Import took 0.020193 seconds .

========================================================================
Received Import Request.
  Time since last request: 5.121492 seconds.
  path: Assets/Art/noun_alien_702308.png
  artifactKey: Guid(0b942d6eebc11634a841c68f4043b99e) Importer(815301076,1909f56bfc062723c751e8b465ee728b)
Start importing Assets/Art/noun_alien_702308.png using Guid(0b942d6eebc11634a841c68f4043b99e) Importer(815301076,1909f56bfc062723c751e8b465ee728b)  -> (artifact id: '25df1d00b6d9ba18caa40ef2eda2a860') in 0.016047 seconds
  Import took 0.019060 seconds .

========================================================================
Received Import Request.
  Time since last request: 0.000173 seconds.
  path: Assets/Art/noun_alien_7023082.png
  artifactKey: Guid(0b64297674c78284ba6b8c1a7acdf8c3) Importer(815301076,1909f56bfc062723c751e8b465ee728b)
Start importing Assets/Art/noun_alien_7023082.png using Guid(0b64297674c78284ba6b8c1a7acdf8c3) Importer(815301076,1909f56bfc062723c751e8b465ee728b)  -> (artifact id: 'b3c1d165e2c114d584f0a7fc0d5d1d5f') in 0.010351 seconds
  Import took 0.012970 seconds .

========================================================================
Received Import Request.
  Time since last request: 10.779299 seconds.
  path: Assets/Prefabs/enemyBullet.prefab
  artifactKey: Guid(009e073f588071e44b12ce610681cf70) Importer(815301076,1909f56bfc062723c751e8b465ee728b)
Start importing Assets/Prefabs/enemyBullet.prefab using Guid(009e073f588071e44b12ce610681cf70) Importer(815301076,1909f56bfc062723c751e8b465ee728b)  -> (artifact id: 'b77416231a22a3404480f75bb4660108') in 0.055460 seconds
  Import took 0.058027 seconds .

========================================================================
Received Import Request.
  Time since last request: 0.000233 seconds.
  path: Assets/Prefabs/short-ray.prefab
  artifactKey: Guid(45d8da04d8c38154aaa104c36b439527) Importer(815301076,1909f56bfc062723c751e8b465ee728b)
Start importing Assets/Prefabs/short-ray.prefab using Guid(45d8da04d8c38154aaa104c36b439527) Importer(815301076,1909f56bfc062723c751e8b465ee728b)  -> (artifact id: '36ed4badbe4eb9b1bdc6968584198ab4') in 0.009177 seconds
  Import took 0.011658 seconds .

========================================================================
Received Import Request.
  Time since last request: 0.000219 seconds.
  path: Assets/Prefabs/EnemyShoot.prefab
  artifactKey: Guid(a6f129d717579724983cdeb0f0168e09) Importer(815301076,1909f56bfc062723c751e8b465ee728b)
Start importing Assets/Prefabs/EnemyShoot.prefab using Guid(a6f129d717579724983cdeb0f0168e09) Importer(815301076,1909f56bfc062723c751e8b465ee728b)  -> (artifact id: '352da7b2d660315337906ca783ec2eb0') in 0.010461 seconds
  Import took 0.013154 seconds .

========================================================================
Received Import Request.
  Time since last request: 0.000170 seconds.
  path: Assets/Prefabs/Player.prefab
  artifactKey: Guid(e363fb841ce1f274493f1ede2dd195fb) Importer(815301076,1909f56bfc062723c751e8b465ee728b)
Start importing Assets/Prefabs/Player.prefab using Guid(e363fb841ce1f274493f1ede2dd195fb) Importer(815301076,1909f56bfc062723c751e8b465ee728b)  -> (artifact id: 'e1cdbdbef8fc4e363f6610ccdd3a6535') in 0.015013 seconds
  Import took 0.017691 seconds .

========================================================================
Received Import Request.
  Time since last request: 0.000154 seconds.
  path: Assets/Prefabs/Explosion.prefab
  artifactKey: Guid(86a7403ac51197946ad7d13774aeb044) Importer(815301076,1909f56bfc062723c751e8b465ee728b)
Start importing Assets/Prefabs/Explosion.prefab using Guid(86a7403ac51197946ad7d13774aeb044) Importer(815301076,1909f56bfc062723c751e8b465ee728b)  -> (artifact id: '4b4c13f1854a39f2f49b8a70825ab201') in 0.006406 seconds
  Import took 0.008736 seconds .

========================================================================
Received Import Request.
  Time since last request: 0.000152 seconds.
  path: Assets/Prefabs/EnemyChase.prefab
  artifactKey: Guid(88091306515d5914bb78886aa93dce17) Importer(815301076,1909f56bfc062723c751e8b465ee728b)
Start importing Assets/Prefabs/EnemyChase.prefab using Guid(88091306515d5914bb78886aa93dce17) Importer(815301076,1909f56bfc062723c751e8b465ee728b)  -> (artifact id: 'c63a41a2b20ec61ad261191382d686ee') in 0.007817 seconds
  Import took 0.010259 seconds .

========================================================================
Received Import Request.
  Time since last request: 3.957638 seconds.
  path: Assets/Prefabs/EnemyChase.prefab
  artifactKey: Guid(88091306515d5914bb78886aa93dce17) Importer(815301076,1909f56bfc062723c751e8b465ee728b)
Start importing Assets/Prefabs/EnemyChase.prefab using Guid(88091306515d5914bb78886aa93dce17) Importer(815301076,1909f56bfc062723c751e8b465ee728b)  -> (artifact id: '033d02c90219e8dd7bef15a546633f50') in 0.011803 seconds
  Import took 0.014932 seconds .

========================================================================
Received Import Request.
  Time since last request: 2.517134 seconds.
  path: Assets/Prefabs/EnemyShoot.prefab
  artifactKey: Guid(a6f129d717579724983cdeb0f0168e09) Importer(815301076,1909f56bfc062723c751e8b465ee728b)
Start importing Assets/Prefabs/EnemyShoot.prefab using Guid(a6f129d717579724983cdeb0f0168e09) Importer(815301076,1909f56bfc062723c751e8b465ee728b)  -> (artifact id: '37f1742277c7332f8d91dfd2dcdff780') in 0.010838 seconds
  Import took 0.013625 seconds .

========================================================================
Received Import Request.
  Time since last request: 6.527781 seconds.
  path: Assets/Prefabs/EnemyShoot.prefab
  artifactKey: Guid(a6f129d717579724983cdeb0f0168e09) Importer(815301076,1909f56bfc062723c751e8b465ee728b)
Start importing Assets/Prefabs/EnemyShoot.prefab using Guid(a6f129d717579724983cdeb0f0168e09) Importer(815301076,1909f56bfc062723c751e8b465ee728b)  -> (artifact id: '64e779672d434ab330d30a0c1a52f843') in 0.007838 seconds
  Import took 0.010691 seconds .

========================================================================
Received Import Request.
  Time since last request: 1.875579 seconds.
  path: Assets/Prefabs/EnemyShoot.prefab
  artifactKey: Guid(a6f129d717579724983cdeb0f0168e09) Importer(815301076,1909f56bfc062723c751e8b465ee728b)
Start importing Assets/Prefabs/EnemyShoot.prefab using Guid(a6f129d717579724983cdeb0f0168e09) Importer(815301076,1909f56bfc062723c751e8b465ee728b)  -> (artifact id: '3855301b47dbbbf320c7f7251f75e01d') in 0.007963 seconds
  Import took 0.010769 seconds .

========================================================================
Received Import Request.
  Time since last request: 178.088774 seconds.
  path: Assets/Scenes/MainMenu.unity
  artifactKey: Guid(0a113de426f262343bd51cb32193d5fe) Importer(815301076,1909f56bfc062723c751e8b465ee728b)
Start importing Assets/Scenes/MainMenu.unity using Guid(0a113de426f262343bd51cb32193d5fe) Importer(815301076,1909f56bfc062723c751e8b465ee728b)  -> (artifact id: '8e100034d98b1c40e4bef2ac6822584a') in 0.006952 seconds
  Import took 0.009661 seconds .

========================================================================
Received Import Request.
  Time since last request: 0.413930 seconds.
  path: Assets/Scenes/SampleScene.unity
  artifactKey: Guid(2cda990e2423bbf4892e6590ba056729) Importer(815301076,1909f56bfc062723c751e8b465ee728b)
Start importing Assets/Scenes/SampleScene.unity using Guid(2cda990e2423bbf4892e6590ba056729) Importer(815301076,1909f56bfc062723c751e8b465ee728b)  -> (artifact id: '9e3de57ff53b04f332585358317fe97e') in 0.006259 seconds
  Import took 0.008709 seconds .

========================================================================
Received Prepare
Registering precompiled user dll's ...
Registered in 0.000797 seconds.
Begin MonoManager ReloadAssembly
Native extension for WindowsStandalone target not found
Native extension for WebGL target not found
Refreshing native plugins compatible for Editor in 0.30 ms, found 1 plugins.
Preloading 0 native plugins for Editor in 0.00 ms.
Invoked RoslynAnalysisRunner static constructor.
RoslynAnalysisRunner will not be running.
RoslynAnalysisRunner has terminated.
Mono: successfully reloaded assembly
- Completed reload, in  0.670 seconds
Platform modules already initialized, skipping
Refreshing native plugins compatible for Editor in 0.34 ms, found 1 plugins.
Preloading 0 native plugins for Editor in 0.00 ms.
Unloading 1806 Unused Serialized files (Serialized files now loaded: 0)
System memory in use before: 88.3 MB.
System memory in use after: 88.4 MB.

Unloading 7 unused Assets to reduce memory usage. Loaded Objects now: 2297.
Total: 1.679200 ms (FindLiveObjects: 0.167300 ms CreateObjectMapping: 0.053600 ms MarkObjects: 1.418100 ms  DeleteObjects: 0.039700 ms)

========================================================================
Received Import Request.
  Time since last request: 28.243959 seconds.
  path: Assets/Fonts/PIXELED ENGLISH FONT SDF.asset
  artifactKey: Guid(4f38c6ca26adf8846afdd47d902de8ef) Importer(815301076,1909f56bfc062723c751e8b465ee728b)
Start importing Assets/Fonts/PIXELED ENGLISH FONT SDF.asset using Guid(4f38c6ca26adf8846afdd47d902de8ef) Importer(815301076,1909f56bfc062723c751e8b465ee728b)  -> (artifact id: 'f9944edc08e732a68da5befc483da901') in 0.084914 seconds
  Import took 0.087707 seconds .

========================================================================
Received Import Request.
  Time since last request: 0.000238 seconds.
  path: Assets/Fonts/PIXELED ENGLISH FONT.TTF
  artifactKey: Guid(161f4c1d2d34ced4ca6993e1409640f4) Importer(815301076,1909f56bfc062723c751e8b465ee728b)
Start importing Assets/Fonts/PIXELED ENGLISH FONT.TTF using Guid(161f4c1d2d34ced4ca6993e1409640f4) Importer(815301076,1909f56bfc062723c751e8b465ee728b)  -> (artifact id: 'c16754da272504987ebeb24d2dca9519') in 0.016577 seconds
  Import took 0.019023 seconds .

========================================================================
Received Prepare
Registering precompiled user dll's ...
Registered in 0.000743 seconds.
Begin MonoManager ReloadAssembly
Native extension for WindowsStandalone target not found
Native extension for WebGL target not found
Refreshing native plugins compatible for Editor in 0.30 ms, found 1 plugins.
Preloading 0 native plugins for Editor in 0.00 ms.
Invoked RoslynAnalysisRunner static constructor.
RoslynAnalysisRunner will not be running.
RoslynAnalysisRunner has terminated.
Mono: successfully reloaded assembly
- Completed reload, in  0.676 seconds
Platform modules already initialized, skipping
Refreshing native plugins compatible for Editor in 0.31 ms, found 1 plugins.
Preloading 0 native plugins for Editor in 0.00 ms.
Unloading 1806 Unused Serialized files (Serialized files now loaded: 0)
System memory in use before: 88.8 MB.
System memory in use after: 88.9 MB.

Unloading 7 unused Assets to reduce memory usage. Loaded Objects now: 2339.
Total: 1.872000 ms (FindLiveObjects: 0.277100 ms CreateObjectMapping: 0.108400 ms MarkObjects: 1.474300 ms  DeleteObjects: 0.011500 ms)

========================================================================
Received Prepare
Registering precompiled user dll's ...
Registered in 0.000786 seconds.
Begin MonoManager ReloadAssembly
Native extension for WindowsStandalone target not found
Native extension for WebGL target not found
Refreshing native plugins compatible for Editor in 0.37 ms, found 1 plugins.
Preloading 0 native plugins for Editor in 0.00 ms.
Invoked RoslynAnalysisRunner static constructor.
RoslynAnalysisRunner will not be running.
RoslynAnalysisRunner has terminated.
Mono: successfully reloaded assembly
- Completed reload, in  0.675 seconds
Platform modules already initialized, skipping
Refreshing native plugins compatible for Editor in 0.30 ms, found 1 plugins.
Preloading 0 native plugins for Editor in 0.00 ms.
Unloading 1806 Unused Serialized files (Serialized files now loaded: 0)
System memory in use before: 88.8 MB.
System memory in use after: 88.9 MB.

Unloading 7 unused Assets to reduce memory usage. Loaded Objects now: 2343.
Total: 1.563200 ms (FindLiveObjects: 0.209000 ms CreateObjectMapping: 0.052200 ms MarkObjects: 1.290900 ms  DeleteObjects: 0.010400 ms)

========================================================================
Received Import Request.
  Time since last request: 25.026608 seconds.
  path: Assets/Art/noun_alien_702308.png
  artifactKey: Guid(0b942d6eebc11634a841c68f4043b99e) Importer(815301076,1909f56bfc062723c751e8b465ee728b)
Start importing Assets/Art/noun_alien_702308.png using Guid(0b942d6eebc11634a841c68f4043b99e) Importer(815301076,1909f56bfc062723c751e8b465ee728b)  -> (artifact id: '9ff5b1ebd866da943550695d2a25283c') in 0.041377 seconds
  Import took 0.044286 seconds .

========================================================================
Received Import Request.
  Time since last request: 0.000325 seconds.
  path: Assets/Art/noun_alien_7023082.png
  artifactKey: Guid(0b64297674c78284ba6b8c1a7acdf8c3) Importer(815301076,1909f56bfc062723c751e8b465ee728b)
Start importing Assets/Art/noun_alien_7023082.png using Guid(0b64297674c78284ba6b8c1a7acdf8c3) Importer(815301076,1909f56bfc062723c751e8b465ee728b)  -> (artifact id: 'ccc9ce8dc62de4a403eba68c716d4b75') in 0.007882 seconds
  Import took 0.010472 seconds .

========================================================================
Received Import Request.
  Time since last request: 0.000154 seconds.
  path: Assets/Art/noun_alien_702308.png
  artifactKey: Guid(0b942d6eebc11634a841c68f4043b99e) Importer(815301076,1909f56bfc062723c751e8b465ee728b)
Start importing Assets/Art/noun_alien_702308.png using Guid(0b942d6eebc11634a841c68f4043b99e) Importer(815301076,1909f56bfc062723c751e8b465ee728b)  -> (artifact id: '9ff5b1ebd866da943550695d2a25283c') in 0.006474 seconds
  Import took 0.008795 seconds .

========================================================================
Received Prepare
Registering precompiled user dll's ...
Registered in 0.000765 seconds.
Begin MonoManager ReloadAssembly
Native extension for WindowsStandalone target not found
Native extension for WebGL target not found
Refreshing native plugins compatible for Editor in 0.29 ms, found 1 plugins.
Preloading 0 native plugins for Editor in 0.00 ms.
Invoked RoslynAnalysisRunner static constructor.
RoslynAnalysisRunner will not be running.
RoslynAnalysisRunner has terminated.
Mono: successfully reloaded assembly
- Completed reload, in  0.644 seconds
Platform modules already initialized, skipping
Refreshing native plugins compatible for Editor in 0.30 ms, found 1 plugins.
Preloading 0 native plugins for Editor in 0.00 ms.
Unloading 1806 Unused Serialized files (Serialized files now loaded: 0)
System memory in use before: 88.8 MB.
System memory in use after: 88.9 MB.

Unloading 7 unused Assets to reduce memory usage. Loaded Objects now: 2348.
Total: 1.538500 ms (FindLiveObjects: 0.165900 ms CreateObjectMapping: 0.055100 ms MarkObjects: 1.306600 ms  DeleteObjects: 0.009800 ms)

========================================================================
Received Import Request.
  Time since last request: 131.827942 seconds.
  path: Assets/Prefabs/EnemyChase.prefab
  artifactKey: Guid(88091306515d5914bb78886aa93dce17) Importer(815301076,1909f56bfc062723c751e8b465ee728b)
Start importing Assets/Prefabs/EnemyChase.prefab using Guid(88091306515d5914bb78886aa93dce17) Importer(815301076,1909f56bfc062723c751e8b465ee728b)  -> (artifact id: 'eb833018791d989eded201086e52bed7') in 0.044572 seconds
  Import took 0.047002 seconds .

========================================================================
Received Import Request.
  Time since last request: 12.055412 seconds.
  path: Assets/Prefabs/EnemyShoot.prefab
  artifactKey: Guid(a6f129d717579724983cdeb0f0168e09) Importer(815301076,1909f56bfc062723c751e8b465ee728b)
Start importing Assets/Prefabs/EnemyShoot.prefab using Guid(a6f129d717579724983cdeb0f0168e09) Importer(815301076,1909f56bfc062723c751e8b465ee728b)  -> (artifact id: '5adef2831b1ce5ff4d1e25b92d1900b4') in 0.011605 seconds
  Import took 0.014617 seconds .

========================================================================
Received Import Request.
  Time since last request: 6.166765 seconds.
  path: Assets/Prefabs/EnemyShoot.prefab
  artifactKey: Guid(a6f129d717579724983cdeb0f0168e09) Importer(815301076,1909f56bfc062723c751e8b465ee728b)
Start importing Assets/Prefabs/EnemyShoot.prefab using Guid(a6f129d717579724983cdeb0f0168e09) Importer(815301076,1909f56bfc062723c751e8b465ee728b)  -> (artifact id: '98bb3f06f16f1c9d82f4f6f5c7577a72') in 0.008676 seconds
  Import took 0.011941 seconds .

========================================================================
Received Import Request.
  Time since last request: 4.035658 seconds.
  path: Assets/Prefabs/EnemyShoot.prefab
  artifactKey: Guid(a6f129d717579724983cdeb0f0168e09) Importer(815301076,1909f56bfc062723c751e8b465ee728b)
Start importing Assets/Prefabs/EnemyShoot.prefab using Guid(a6f129d717579724983cdeb0f0168e09) Importer(815301076,1909f56bfc062723c751e8b465ee728b)  -> (artifact id: '2562839282683830101a5d7710bc6cbf') in 0.008216 seconds
  Import took 0.011305 seconds .

========================================================================
Received Import Request.
  Time since last request: 3.020374 seconds.
  path: Assets/Prefabs/EnemyShoot.prefab
  artifactKey: Guid(a6f129d717579724983cdeb0f0168e09) Importer(815301076,1909f56bfc062723c751e8b465ee728b)
Start importing Assets/Prefabs/EnemyShoot.prefab using Guid(a6f129d717579724983cdeb0f0168e09) Importer(815301076,1909f56bfc062723c751e8b465ee728b)  -> (artifact id: 'b130b87eeaa9830dd86796c4d57038b0') in 0.010932 seconds
  Import took 0.013872 seconds .

========================================================================
Received Import Request.
  Time since last request: 7.956975 seconds.
  path: Assets/Prefabs/EnemyChase.prefab
  artifactKey: Guid(88091306515d5914bb78886aa93dce17) Importer(815301076,1909f56bfc062723c751e8b465ee728b)
Start importing Assets/Prefabs/EnemyChase.prefab using Guid(88091306515d5914bb78886aa93dce17) Importer(815301076,1909f56bfc062723c751e8b465ee728b)  -> (artifact id: '81830bd5145ad1eab4e3f865c561b2e4') in 0.012053 seconds
  Import took 0.015096 seconds .

========================================================================
Received Import Request.
  Time since last request: 1.556688 seconds.
  path: Assets/Prefabs/EnemyChase.prefab
  artifactKey: Guid(88091306515d5914bb78886aa93dce17) Importer(815301076,1909f56bfc062723c751e8b465ee728b)
Start importing Assets/Prefabs/EnemyChase.prefab using Guid(88091306515d5914bb78886aa93dce17) Importer(815301076,1909f56bfc062723c751e8b465ee728b)  -> (artifact id: 'b7501b5d5dbe02faf3a8f2a7168d513a') in 0.009257 seconds
  Import took 0.012261 seconds .

========================================================================
Received Import Request.
  Time since last request: 4.050798 seconds.
  path: Assets/Prefabs/EnemyChase.prefab
  artifactKey: Guid(88091306515d5914bb78886aa93dce17) Importer(815301076,1909f56bfc062723c751e8b465ee728b)
Start importing Assets/Prefabs/EnemyChase.prefab using Guid(88091306515d5914bb78886aa93dce17) Importer(815301076,1909f56bfc062723c751e8b465ee728b)  -> (artifact id: '4a0bf8cef62759d98e9e735eba804b82') in 0.007678 seconds
  Import took 0.010562 seconds .

AssetImportWorkerClient::OnTransportError - code=2 error=End of file
